<?xml version="1.0" encoding="utf-8"?>
<TestRun id="6a78e2f1-36b4-4df7-871c-062357c5126b" name="keying@KJXHF-BJB1123 2022-12-02 22:16:41" runUser="KJXHF-BJB1123\keying" xmlns="http://microsoft.com/schemas/VisualStudio/TeamTest/2010">
  <Times creation="2022-12-02T22:16:41.9500808+08:00" queuing="2022-12-02T22:16:41.9500815+08:00" start="2022-12-02T22:16:36.8342800+08:00" finish="2022-12-02T22:16:41.9858410+08:00" />
  <TestSettings name="default" id="20a8f4aa-f9b9-4fbb-b773-db00dfb3b493">
    <Deployment runDeploymentRoot="keying_KJXHF-BJB1123_2022-12-02_22_16_41" />
  </TestSettings>
  <Results>
    <UnitTestResult executionId="e9bb753c-b10c-444b-b799-b39435aa9c09" testId="14127860-01b0-4e29-9443-c314d569caf9" testName="TestMethod1" computerName="KJXHF-BJB1123" duration="00:00:00.0062360" startTime="2022-12-02T22:16:41.6050657+08:00" endTime="2022-12-02T22:16:41.6402541+08:00" testType="13cdc9d9-ddb5-4fa4-a97d-d965ccfc6d4b" outcome="Passed" testListId="8c84fa94-04c1-424b-9868-57a2d4851a1d" relativeResultsDirectory="e9bb753c-b10c-444b-b799-b39435aa9c09" />
  </Results>
  <TestDefinitions>
    <UnitTest name="TestMethod1" storage="d:\mycode\bptest\testproject1\bin\debug\net7.0\testproject1.dll" id="14127860-01b0-4e29-9443-c314d569caf9">
      <Execution id="e9bb753c-b10c-444b-b799-b39435aa9c09" />
      <TestMethod codeBase="D:\MyCode\bptest\TestProject1\bin\Debug\net7.0\TestProject1.dll" adapterTypeName="executor://mstestadapter/v2" className="TestProject1.UnitTest1" name="TestMethod1" />
    </UnitTest>
  </TestDefinitions>
  <TestEntries>
    <TestEntry testId="14127860-01b0-4e29-9443-c314d569caf9" executionId="e9bb753c-b10c-444b-b799-b39435aa9c09" testListId="8c84fa94-04c1-424b-9868-57a2d4851a1d" />
  </TestEntries>
  <TestLists>
    <TestList name="列表中未列出的结果" id="8c84fa94-04c1-424b-9868-57a2d4851a1d" />
    <TestList name="所有已加载的结果" id="19431567-8539-422a-85d7-44ee4e166bda" />
  </TestLists>
  <ResultSummary outcome="Completed">
    <Counters total="1" executed="1" passed="1" failed="0" error="0" timeout="0" aborted="0" inconclusive="0" passedButRunAborted="0" notRunnable="0" notExecuted="0" disconnected="0" warning="0" completed="0" inProgress="0" pending="0" />
    <CollectorDataEntries>
      <Collector agentName="KJXHF-BJB1123" uri="datacollector://microsoft/CodeCoverage/2.0" collectorDisplayName="Code Coverage">
        <UriAttachments>
          <UriAttachment>
            <A href="KJXHF-BJB1123\keying_KJXHF-BJB1123_2022-12-02.22_16_38.coverage"></A>
          </UriAttachment>
        </UriAttachments>
      </Collector>
    </CollectorDataEntries>
  </ResultSummary>
</TestRun>